<?xml version="1.0" encoding="UTF-8"?>
<testsuite xmlns:xsi="http://www.w3.org/2001/XMLSchema-instance" xsi:noNamespaceSchemaLocation="https://maven.apache.org/surefire/maven-surefire-plugin/xsd/surefire-test-report.xsd" name="aws.function.BookRequestHandlerTest" time="0.506" tests="1" errors="0" skipped="0" failures="0">
  <properties>
    <property name="java.specification.version" value="14"/>
    <property name="sun.jnu.encoding" value="UTF-8"/>
    <property name="java.class.path" value="/home/godav/tech/projects/micronaut/aws-function/target/test-classes:/home/godav/tech/projects/micronaut/aws-function/target/classes:/home/godav/.m2/repository/io/micronaut/micronaut-inject/2.0.0/micronaut-inject-2.0.0.jar:/home/godav/.m2/repository/org/slf4j/slf4j-api/1.7.26/slf4j-api-1.7.26.jar:/home/godav/.m2/repository/javax/annotation/javax.annotation-api/1.3.2/javax.annotation-api-1.3.2.jar:/home/godav/.m2/repository/javax/inject/javax.inject/1/javax.inject-1.jar:/home/godav/.m2/repository/io/micronaut/micronaut-core/2.0.0/micronaut-core-2.0.0.jar:/home/godav/.m2/repository/org/reactivestreams/reactive-streams/1.0.3/reactive-streams-1.0.3.jar:/home/godav/.m2/repository/com/github/spotbugs/spotbugs-annotations/4.0.3/spotbugs-annotations-4.0.3.jar:/home/godav/.m2/repository/com/google/code/findbugs/jsr305/3.0.2/jsr305-3.0.2.jar:/home/godav/.m2/repository/org/yaml/snakeyaml/1.26/snakeyaml-1.26.jar:/home/godav/.m2/repository/io/micronaut/micronaut-validation/2.0.0/micronaut-validation-2.0.0.jar:/home/godav/.m2/repository/io/micronaut/micronaut-http/2.0.0/micronaut-http-2.0.0.jar:/home/godav/.m2/repository/javax/validation/validation-api/2.0.1.Final/validation-api-2.0.1.Final.jar:/home/godav/.m2/repository/io/micronaut/micronaut-runtime/2.0.0/micronaut-runtime-2.0.0.jar:/home/godav/.m2/repository/io/micronaut/micronaut-aop/2.0.0/micronaut-aop-2.0.0.jar:/home/godav/.m2/repository/com/fasterxml/jackson/core/jackson-databind/2.11.0/jackson-databind-2.11.0.jar:/home/godav/.m2/repository/com/fasterxml/jackson/core/jackson-annotations/2.11.0/jackson-annotations-2.11.0.jar:/home/godav/.m2/repository/com/fasterxml/jackson/core/jackson-core/2.11.0/jackson-core-2.11.0.jar:/home/godav/.m2/repository/io/reactivex/rxjava2/rxjava/2.2.10/rxjava-2.2.10.jar:/home/godav/.m2/repository/com/fasterxml/jackson/datatype/jackson-datatype-jdk8/2.11.0/jackson-datatype-jdk8-2.11.0.jar:/home/godav/.m2/repository/com/fasterxml/jackson/datatype/jackson-datatype-jsr310/2.11.0/jackson-datatype-jsr310-2.11.0.jar:/home/godav/.m2/repository/io/micronaut/aws/micronaut-function-aws/2.0.0/micronaut-function-aws-2.0.0.jar:/home/godav/.m2/repository/io/micronaut/micronaut-function/2.0.0/micronaut-function-2.0.0.jar:/home/godav/.m2/repository/com/amazonaws/aws-lambda-java-core/1.2.1/aws-lambda-java-core-1.2.1.jar:/home/godav/.m2/repository/ch/qos/logback/logback-classic/1.2.3/logback-classic-1.2.3.jar:/home/godav/.m2/repository/ch/qos/logback/logback-core/1.2.3/logback-core-1.2.3.jar:/home/godav/.m2/repository/org/junit/jupiter/junit-jupiter-api/5.6.2/junit-jupiter-api-5.6.2.jar:/home/godav/.m2/repository/org/apiguardian/apiguardian-api/1.1.0/apiguardian-api-1.1.0.jar:/home/godav/.m2/repository/org/opentest4j/opentest4j/1.2.0/opentest4j-1.2.0.jar:/home/godav/.m2/repository/org/junit/platform/junit-platform-commons/1.6.2/junit-platform-commons-1.6.2.jar:/home/godav/.m2/repository/org/junit/jupiter/junit-jupiter-engine/5.6.2/junit-jupiter-engine-5.6.2.jar:/home/godav/.m2/repository/org/junit/platform/junit-platform-engine/1.6.2/junit-platform-engine-1.6.2.jar:/home/godav/.m2/repository/io/micronaut/test/micronaut-test-junit5/1.2.0/micronaut-test-junit5-1.2.0.jar:/home/godav/.m2/repository/io/micronaut/test/micronaut-test-core/1.2.0/micronaut-test-core-1.2.0.jar:"/>
    <property name="java.vm.vendor" value="Oracle Corporation"/>
    <property name="sun.arch.data.model" value="64"/>
    <property name="java.vendor.url" value="https://openjdk.java.net/"/>
    <property name="os.name" value="Linux"/>
    <property name="java.vm.specification.version" value="14"/>
    <property name="sun.java.launcher" value="SUN_STANDARD"/>
    <property name="user.country" value="IN"/>
    <property name="sun.boot.library.path" value="/usr/lib/jvm/java-14-openjdk/lib"/>
    <property name="sun.java.command" value="/home/godav/tech/projects/micronaut/aws-function/target/surefire/surefirebooter5325201925812071967.jar /home/godav/tech/projects/micronaut/aws-function/target/surefire 2020-07-04T22-11-06_076-jvmRun1 surefire17752823972363166026tmp surefire_06414939279409725070tmp"/>
    <property name="jdk.debug" value="release"/>
    <property name="surefire.test.class.path" value="/home/godav/tech/projects/micronaut/aws-function/target/test-classes:/home/godav/tech/projects/micronaut/aws-function/target/classes:/home/godav/.m2/repository/io/micronaut/micronaut-inject/2.0.0/micronaut-inject-2.0.0.jar:/home/godav/.m2/repository/org/slf4j/slf4j-api/1.7.26/slf4j-api-1.7.26.jar:/home/godav/.m2/repository/javax/annotation/javax.annotation-api/1.3.2/javax.annotation-api-1.3.2.jar:/home/godav/.m2/repository/javax/inject/javax.inject/1/javax.inject-1.jar:/home/godav/.m2/repository/io/micronaut/micronaut-core/2.0.0/micronaut-core-2.0.0.jar:/home/godav/.m2/repository/org/reactivestreams/reactive-streams/1.0.3/reactive-streams-1.0.3.jar:/home/godav/.m2/repository/com/github/spotbugs/spotbugs-annotations/4.0.3/spotbugs-annotations-4.0.3.jar:/home/godav/.m2/repository/com/google/code/findbugs/jsr305/3.0.2/jsr305-3.0.2.jar:/home/godav/.m2/repository/org/yaml/snakeyaml/1.26/snakeyaml-1.26.jar:/home/godav/.m2/repository/io/micronaut/micronaut-validation/2.0.0/micronaut-validation-2.0.0.jar:/home/godav/.m2/repository/io/micronaut/micronaut-http/2.0.0/micronaut-http-2.0.0.jar:/home/godav/.m2/repository/javax/validation/validation-api/2.0.1.Final/validation-api-2.0.1.Final.jar:/home/godav/.m2/repository/io/micronaut/micronaut-runtime/2.0.0/micronaut-runtime-2.0.0.jar:/home/godav/.m2/repository/io/micronaut/micronaut-aop/2.0.0/micronaut-aop-2.0.0.jar:/home/godav/.m2/repository/com/fasterxml/jackson/core/jackson-databind/2.11.0/jackson-databind-2.11.0.jar:/home/godav/.m2/repository/com/fasterxml/jackson/core/jackson-annotations/2.11.0/jackson-annotations-2.11.0.jar:/home/godav/.m2/repository/com/fasterxml/jackson/core/jackson-core/2.11.0/jackson-core-2.11.0.jar:/home/godav/.m2/repository/io/reactivex/rxjava2/rxjava/2.2.10/rxjava-2.2.10.jar:/home/godav/.m2/repository/com/fasterxml/jackson/datatype/jackson-datatype-jdk8/2.11.0/jackson-datatype-jdk8-2.11.0.jar:/home/godav/.m2/repository/com/fasterxml/jackson/datatype/jackson-datatype-jsr310/2.11.0/jackson-datatype-jsr310-2.11.0.jar:/home/godav/.m2/repository/io/micronaut/aws/micronaut-function-aws/2.0.0/micronaut-function-aws-2.0.0.jar:/home/godav/.m2/repository/io/micronaut/micronaut-function/2.0.0/micronaut-function-2.0.0.jar:/home/godav/.m2/repository/com/amazonaws/aws-lambda-java-core/1.2.1/aws-lambda-java-core-1.2.1.jar:/home/godav/.m2/repository/ch/qos/logback/logback-classic/1.2.3/logback-classic-1.2.3.jar:/home/godav/.m2/repository/ch/qos/logback/logback-core/1.2.3/logback-core-1.2.3.jar:/home/godav/.m2/repository/org/junit/jupiter/junit-jupiter-api/5.6.2/junit-jupiter-api-5.6.2.jar:/home/godav/.m2/repository/org/apiguardian/apiguardian-api/1.1.0/apiguardian-api-1.1.0.jar:/home/godav/.m2/repository/org/opentest4j/opentest4j/1.2.0/opentest4j-1.2.0.jar:/home/godav/.m2/repository/org/junit/platform/junit-platform-commons/1.6.2/junit-platform-commons-1.6.2.jar:/home/godav/.m2/repository/org/junit/jupiter/junit-jupiter-engine/5.6.2/junit-jupiter-engine-5.6.2.jar:/home/godav/.m2/repository/org/junit/platform/junit-platform-engine/1.6.2/junit-platform-engine-1.6.2.jar:/home/godav/.m2/repository/io/micronaut/test/micronaut-test-junit5/1.2.0/micronaut-test-junit5-1.2.0.jar:/home/godav/.m2/repository/io/micronaut/test/micronaut-test-core/1.2.0/micronaut-test-core-1.2.0.jar:"/>
    <property name="sun.cpu.endian" value="little"/>
    <property name="user.home" value="/home/godav"/>
    <property name="user.language" value="en"/>
    <property name="java.specification.vendor" value="Oracle Corporation"/>
    <property name="java.version.date" value="2020-04-14"/>
    <property name="java.home" value="/usr/lib/jvm/java-14-openjdk"/>
    <property name="file.separator" value="/"/>
    <property name="basedir" value="/home/godav/tech/projects/micronaut/aws-function"/>
    <property name="java.vm.compressedOopsMode" value="Zero based"/>
    <property name="line.separator" value="&#10;"/>
    <property name="java.vm.specification.vendor" value="Oracle Corporation"/>
    <property name="java.specification.name" value="Java Platform API Specification"/>
    <property name="idea.version2020.1.2" value="true"/>
    <property name="surefire.real.class.path" value="/home/godav/tech/projects/micronaut/aws-function/target/surefire/surefirebooter5325201925812071967.jar"/>
    <property name="sun.management.compiler" value="HotSpot 64-Bit Tiered Compilers"/>
    <property name="java.runtime.version" value="14.0.1+7"/>
    <property name="user.name" value="godav"/>
    <property name="path.separator" value=":"/>
    <property name="os.version" value="5.6.16-1-MANJARO"/>
    <property name="java.runtime.name" value="OpenJDK Runtime Environment"/>
    <property name="file.encoding" value="UTF-8"/>
    <property name="java.vm.name" value="OpenJDK 64-Bit Server VM"/>
    <property name="localRepository" value="/home/godav/.m2/repository"/>
    <property name="java.vendor.url.bug" value="https://bugreport.java.com/bugreport/"/>
    <property name="java.io.tmpdir" value="/tmp"/>
    <property name="java.version" value="14.0.1"/>
    <property name="user.dir" value="/home/godav/tech/projects/micronaut/aws-function"/>
    <property name="os.arch" value="amd64"/>
    <property name="java.vm.specification.name" value="Java Virtual Machine Specification"/>
    <property name="java.library.path" value="/usr/java/packages/lib:/usr/lib64:/lib64:/lib:/usr/lib"/>
    <property name="java.vm.info" value="mixed mode"/>
    <property name="java.vendor" value="N/A"/>
    <property name="java.vm.version" value="14.0.1+7"/>
    <property name="sun.io.unicode.encoding" value="UnicodeLittle"/>
    <property name="java.class.version" value="58.0"/>
  </properties>
  <testcase name="testHandler" classname="aws.function.BookRequestHandlerTest" time="0.01"/>
</testsuite>